Namespace(no_cuda=False, gpuid='0', setting_id=1, arch_name='resnet50', layer='layer4_2', channel=1546, topk_dir='/BS/feature_viz/work/code/VITAL_fork/inner_fvis/resnet50/neuron_layer4/', layer_weights=[0.1, 1.0, 1.0, 1.0, 0.0], feat_dist=1.0, num_real_img=50, method='LRP', resolution=224, epochs=2000, bs=1, jitter=30, exp_name=None, folder_name='images', do_flip=False, tv_l1=0.0, tv_l2=3e-07, lr=1.0, l2=3e-07)
loading torchvision model for inversion with the name: resnet50
==> Resuming from checkpoint..
get_images call
------------iteration 100----------
total loss -0.001652396167628467
feat loss 0.0003416852850932628
graph loss -0.23502230644226074
------------iteration 200----------
total loss -0.0005111113423481584
feat loss 0.0003814699884969741
graph loss -0.12792140245437622
------------iteration 300----------
total loss 0.0012819627299904823
feat loss 0.00038265669718384743
graph loss 0.05464673042297363
------------iteration 400----------
total loss -0.0023038326762616634
feat loss 0.00033860676921904087
graph loss -0.2990350127220154
------------iteration 500----------
total loss -0.0014831109438091516
feat loss 0.0003064521006308496
graph loss -0.21445906162261963
------------iteration 600----------
total loss -0.002807789482176304
feat loss 0.00031186279375106096
graph loss -0.3464004397392273
------------iteration 700----------
total loss 0.0007495023310184479
feat loss 0.00030430700280703604
graph loss 0.010505914688110352
------------iteration 800----------
total loss -0.001241904916241765
feat loss 0.000296638289000839
graph loss -0.18597012758255005
------------iteration 900----------
total loss -0.001968617085367441
feat loss 0.00026661515585146844
graph loss -0.25459349155426025
------------iteration 1000----------
total loss -0.0017932282062247396
feat loss 0.00025370053481310606
graph loss -0.23406922817230225
------------iteration 1100----------
total loss -0.0013941877987235785
feat loss 0.0002175038680434227
graph loss -0.18755584955215454
------------iteration 1200----------
total loss -0.0013090013526380062
feat loss 0.00021270994329825044
graph loss -0.17745685577392578
------------iteration 1300----------
total loss -0.0020596322137862444
feat loss 0.00020428671268746257
graph loss -0.25015944242477417
------------iteration 1400----------
total loss -0.001859900075942278
feat loss 0.00017859220679383725
graph loss -0.22478783130645752
------------iteration 1500----------
total loss -0.002424472477287054
feat loss 0.00015691560111008584
graph loss -0.2776515483856201
------------iteration 1600----------
total loss -0.0028890082612633705
feat loss 0.00014207825006451458
graph loss -0.3206893801689148
------------iteration 1700----------
total loss -0.002082978608086705
feat loss 0.00013969052815809846
graph loss -0.23885798454284668
------------iteration 1800----------
total loss -0.0014805831015110016
feat loss 0.00014839180221315473
graph loss -0.17836880683898926
------------iteration 1900----------
total loss -0.0029354034923017025
feat loss 0.00014544489386025816
graph loss -0.3227071762084961
------------iteration 2000----------
total loss -0.002244574250653386
feat loss 0.00013526489783544093
graph loss -0.25246572494506836
