Namespace(no_cuda=False, gpuid='0', setting_id=1, arch_name='resnet50', layer='layer4_2', channel=162, topk_dir='/BS/feature_viz/work/code/VITAL_fork/inner_fvis/resnet50/neuron_layer4/', layer_weights=[0.1, 1.0, 1.0, 1.0, 0.0], feat_dist=1.0, num_real_img=50, method='LRP', resolution=224, epochs=2000, bs=1, jitter=30, exp_name=None, folder_name='images', do_flip=False, tv_l1=0.0, tv_l2=3e-07, lr=1.0, l2=3e-07)
loading torchvision model for inversion with the name: resnet50
==> Resuming from checkpoint..
get_images call
------------iteration 100----------
total loss -0.0006227800622582436
feat loss 0.0023117689415812492
graph loss -0.34746861457824707
------------iteration 200----------
total loss 0.0006295084021985531
feat loss 0.00195734272710979
graph loss -0.18467265367507935
------------iteration 300----------
total loss 0.0005544472951442003
feat loss 0.0017633849056437612
graph loss -0.17309904098510742
------------iteration 400----------
total loss 0.001959447283297777
feat loss 0.0016594429034739733
graph loss -0.022395551204681396
------------iteration 500----------
total loss 1.9324012100696564e-05
feat loss 0.0015008755726739764
graph loss -0.19764316082000732
------------iteration 600----------
total loss 1.1506956070661545e-05
feat loss 0.0014426896814256907
graph loss -0.19094926118850708
------------iteration 700----------
total loss 0.0014409513678401709
feat loss 0.0018444288289174438
graph loss -0.0874210000038147
------------iteration 800----------
total loss -1.5203142538666725e-05
feat loss 0.0017368118278682232
graph loss -0.22025805711746216
------------iteration 900----------
total loss -0.0004276225809007883
feat loss 0.001307830330915749
graph loss -0.21699601411819458
------------iteration 1000----------
total loss 0.001585469814017415
feat loss 0.00162924500182271
graph loss -0.04687279462814331
------------iteration 1100----------
total loss 0.0004411331028677523
feat loss 0.0009440489229746163
graph loss -0.09086620807647705
------------iteration 1200----------
total loss 0.001332071959041059
feat loss 0.0012075795093551278
graph loss -0.026678025722503662
------------iteration 1300----------
total loss 0.0053462013602256775
feat loss 0.0010476683964952826
graph loss 0.3925964832305908
------------iteration 1400----------
total loss 9.563099592924118e-05
feat loss 0.0012018652632832527
graph loss -0.1469249725341797
------------iteration 1500----------
total loss -0.00024961261078715324
feat loss 0.0009585084044374526
graph loss -0.1551557183265686
------------iteration 1600----------
total loss 0.001281048753298819
feat loss 0.000889570452272892
graph loss 0.0064064860343933105
------------iteration 1700----------
total loss -0.0003069021040573716
feat loss 0.0009010384092107415
graph loss -0.1530238389968872
------------iteration 1800----------
total loss -0.0021793218329548836
feat loss 0.0008066504960879683
graph loss -0.3298467993736267
------------iteration 1900----------
total loss 0.0019322438165545464
feat loss 0.0012347932206466794
graph loss 0.03917449712753296
------------iteration 2000----------
total loss 0.00015426520258188248
feat loss 0.0008474162896163762
graph loss -0.09984046220779419
